0 info it worked if it ends with ok
1 verbose cli [ '/usr/bin/node', '/usr/bin/npm', 'install' ]
2 info using npm@1.4.28
3 info using node@v0.10.38
4 verbose node symlink /usr/bin/node
5 verbose readDependencies using package.json deps
6 verbose install where, deps [ '/home/luciano/FixedHome/gitProjects/trackingColor',
6 verbose install   [ 'body-parser',
6 verbose install     'cookie-parser',
6 verbose install     'debug',
6 verbose install     'express',
6 verbose install     'jade',
6 verbose install     'morgan',
6 verbose install     'serve-favicon' ] ]
7 info preinstall trackingColor@0.0.0
8 verbose readDependencies using package.json deps
9 verbose cache add [ 'body-parser@~1.12.4', null ]
10 verbose cache add name=undefined spec="body-parser@~1.12.4" args=["body-parser@~1.12.4",null]
11 verbose parsed url { protocol: null,
11 verbose parsed url   slashes: null,
11 verbose parsed url   auth: null,
11 verbose parsed url   host: null,
11 verbose parsed url   port: null,
11 verbose parsed url   hostname: null,
11 verbose parsed url   hash: null,
11 verbose parsed url   search: null,
11 verbose parsed url   query: null,
11 verbose parsed url   pathname: 'body-parser@~1.12.4',
11 verbose parsed url   path: 'body-parser@~1.12.4',
11 verbose parsed url   href: 'body-parser@~1.12.4' }
12 verbose cache add [ 'cookie-parser@~1.3.5', null ]
13 verbose cache add name=undefined spec="cookie-parser@~1.3.5" args=["cookie-parser@~1.3.5",null]
14 verbose parsed url { protocol: null,
14 verbose parsed url   slashes: null,
14 verbose parsed url   auth: null,
14 verbose parsed url   host: null,
14 verbose parsed url   port: null,
14 verbose parsed url   hostname: null,
14 verbose parsed url   hash: null,
14 verbose parsed url   search: null,
14 verbose parsed url   query: null,
14 verbose parsed url   pathname: 'cookie-parser@~1.3.5',
14 verbose parsed url   path: 'cookie-parser@~1.3.5',
14 verbose parsed url   href: 'cookie-parser@~1.3.5' }
15 verbose cache add [ 'debug@~2.2.0', null ]
16 verbose cache add name=undefined spec="debug@~2.2.0" args=["debug@~2.2.0",null]
17 verbose parsed url { protocol: null,
17 verbose parsed url   slashes: null,
17 verbose parsed url   auth: null,
17 verbose parsed url   host: null,
17 verbose parsed url   port: null,
17 verbose parsed url   hostname: null,
17 verbose parsed url   hash: null,
17 verbose parsed url   search: null,
17 verbose parsed url   query: null,
17 verbose parsed url   pathname: 'debug@~2.2.0',
17 verbose parsed url   path: 'debug@~2.2.0',
17 verbose parsed url   href: 'debug@~2.2.0' }
18 verbose cache add [ 'express@~4.12.4', null ]
19 verbose cache add name=undefined spec="express@~4.12.4" args=["express@~4.12.4",null]
20 verbose parsed url { protocol: null,
20 verbose parsed url   slashes: null,
20 verbose parsed url   auth: null,
20 verbose parsed url   host: null,
20 verbose parsed url   port: null,
20 verbose parsed url   hostname: null,
20 verbose parsed url   hash: null,
20 verbose parsed url   search: null,
20 verbose parsed url   query: null,
20 verbose parsed url   pathname: 'express@~4.12.4',
20 verbose parsed url   path: 'express@~4.12.4',
20 verbose parsed url   href: 'express@~4.12.4' }
21 verbose cache add name="body-parser" spec="~1.12.4" args=["body-parser","~1.12.4"]
22 verbose parsed url { protocol: null,
22 verbose parsed url   slashes: null,
22 verbose parsed url   auth: null,
22 verbose parsed url   host: null,
22 verbose parsed url   port: null,
22 verbose parsed url   hostname: null,
22 verbose parsed url   hash: null,
22 verbose parsed url   search: null,
22 verbose parsed url   query: null,
22 verbose parsed url   pathname: '~1.12.4',
22 verbose parsed url   path: '~1.12.4',
22 verbose parsed url   href: '~1.12.4' }
23 verbose addNamed [ 'body-parser', '~1.12.4' ]
24 verbose addNamed [ null, '>=1.12.4-0 <1.13.0-0' ]
25 verbose cache add name="cookie-parser" spec="~1.3.5" args=["cookie-parser","~1.3.5"]
26 verbose parsed url { protocol: null,
26 verbose parsed url   slashes: null,
26 verbose parsed url   auth: null,
26 verbose parsed url   host: null,
26 verbose parsed url   port: null,
26 verbose parsed url   hostname: null,
26 verbose parsed url   hash: null,
26 verbose parsed url   search: null,
26 verbose parsed url   query: null,
26 verbose parsed url   pathname: '~1.3.5',
26 verbose parsed url   path: '~1.3.5',
26 verbose parsed url   href: '~1.3.5' }
27 verbose addNamed [ 'cookie-parser', '~1.3.5' ]
28 verbose addNamed [ null, '>=1.3.5-0 <1.4.0-0' ]
29 verbose cache add name="debug" spec="~2.2.0" args=["debug","~2.2.0"]
30 verbose parsed url { protocol: null,
30 verbose parsed url   slashes: null,
30 verbose parsed url   auth: null,
30 verbose parsed url   host: null,
30 verbose parsed url   port: null,
30 verbose parsed url   hostname: null,
30 verbose parsed url   hash: null,
30 verbose parsed url   search: null,
30 verbose parsed url   query: null,
30 verbose parsed url   pathname: '~2.2.0',
30 verbose parsed url   path: '~2.2.0',
30 verbose parsed url   href: '~2.2.0' }
31 verbose addNamed [ 'debug', '~2.2.0' ]
32 verbose addNamed [ null, '>=2.2.0-0 <2.3.0-0' ]
33 verbose cache add name="express" spec="~4.12.4" args=["express","~4.12.4"]
34 verbose parsed url { protocol: null,
34 verbose parsed url   slashes: null,
34 verbose parsed url   auth: null,
34 verbose parsed url   host: null,
34 verbose parsed url   port: null,
34 verbose parsed url   hostname: null,
34 verbose parsed url   hash: null,
34 verbose parsed url   search: null,
34 verbose parsed url   query: null,
34 verbose parsed url   pathname: '~4.12.4',
34 verbose parsed url   path: '~4.12.4',
34 verbose parsed url   href: '~4.12.4' }
35 verbose addNamed [ 'express', '~4.12.4' ]
36 verbose addNamed [ null, '>=4.12.4-0 <4.13.0-0' ]
37 verbose cache add [ 'jade@~1.9.2', null ]
38 verbose cache add name=undefined spec="jade@~1.9.2" args=["jade@~1.9.2",null]
39 verbose parsed url { protocol: null,
39 verbose parsed url   slashes: null,
39 verbose parsed url   auth: null,
39 verbose parsed url   host: null,
39 verbose parsed url   port: null,
39 verbose parsed url   hostname: null,
39 verbose parsed url   hash: null,
39 verbose parsed url   search: null,
39 verbose parsed url   query: null,
39 verbose parsed url   pathname: 'jade@~1.9.2',
39 verbose parsed url   path: 'jade@~1.9.2',
39 verbose parsed url   href: 'jade@~1.9.2' }
40 verbose cache add [ 'morgan@~1.5.3', null ]
41 verbose cache add name=undefined spec="morgan@~1.5.3" args=["morgan@~1.5.3",null]
42 verbose parsed url { protocol: null,
42 verbose parsed url   slashes: null,
42 verbose parsed url   auth: null,
42 verbose parsed url   host: null,
42 verbose parsed url   port: null,
42 verbose parsed url   hostname: null,
42 verbose parsed url   hash: null,
42 verbose parsed url   search: null,
42 verbose parsed url   query: null,
42 verbose parsed url   pathname: 'morgan@~1.5.3',
42 verbose parsed url   path: 'morgan@~1.5.3',
42 verbose parsed url   href: 'morgan@~1.5.3' }
43 verbose cache add [ 'serve-favicon@~2.2.1', null ]
44 verbose cache add name=undefined spec="serve-favicon@~2.2.1" args=["serve-favicon@~2.2.1",null]
45 verbose parsed url { protocol: null,
45 verbose parsed url   slashes: null,
45 verbose parsed url   auth: null,
45 verbose parsed url   host: null,
45 verbose parsed url   port: null,
45 verbose parsed url   hostname: null,
45 verbose parsed url   hash: null,
45 verbose parsed url   search: null,
45 verbose parsed url   query: null,
45 verbose parsed url   pathname: 'serve-favicon@~2.2.1',
45 verbose parsed url   path: 'serve-favicon@~2.2.1',
45 verbose parsed url   href: 'serve-favicon@~2.2.1' }
46 silly lockFile 6b6495e4-body-parser-1-12-4 body-parser@~1.12.4
47 verbose lock body-parser@~1.12.4 /home/luciano/.npm/6b6495e4-body-parser-1-12-4.lock
48 silly lockFile 34d2ac1d-cookie-parser-1-3-5 cookie-parser@~1.3.5
49 verbose lock cookie-parser@~1.3.5 /home/luciano/.npm/34d2ac1d-cookie-parser-1-3-5.lock
50 silly lockFile 7986b842-debug-2-2-0 debug@~2.2.0
51 verbose lock debug@~2.2.0 /home/luciano/.npm/7986b842-debug-2-2-0.lock
52 silly lockFile 8d972283-express-4-12-4 express@~4.12.4
53 verbose lock express@~4.12.4 /home/luciano/.npm/8d972283-express-4-12-4.lock
54 verbose cache add name="jade" spec="~1.9.2" args=["jade","~1.9.2"]
55 verbose parsed url { protocol: null,
55 verbose parsed url   slashes: null,
55 verbose parsed url   auth: null,
55 verbose parsed url   host: null,
55 verbose parsed url   port: null,
55 verbose parsed url   hostname: null,
55 verbose parsed url   hash: null,
55 verbose parsed url   search: null,
55 verbose parsed url   query: null,
55 verbose parsed url   pathname: '~1.9.2',
55 verbose parsed url   path: '~1.9.2',
55 verbose parsed url   href: '~1.9.2' }
56 verbose addNamed [ 'jade', '~1.9.2' ]
57 verbose addNamed [ null, '>=1.9.2-0 <1.10.0-0' ]
58 silly lockFile ee522cbd-jade-1-9-2 jade@~1.9.2
59 verbose lock jade@~1.9.2 /home/luciano/.npm/ee522cbd-jade-1-9-2.lock
60 verbose cache add name="morgan" spec="~1.5.3" args=["morgan","~1.5.3"]
61 verbose parsed url { protocol: null,
61 verbose parsed url   slashes: null,
61 verbose parsed url   auth: null,
61 verbose parsed url   host: null,
61 verbose parsed url   port: null,
61 verbose parsed url   hostname: null,
61 verbose parsed url   hash: null,
61 verbose parsed url   search: null,
61 verbose parsed url   query: null,
61 verbose parsed url   pathname: '~1.5.3',
61 verbose parsed url   path: '~1.5.3',
61 verbose parsed url   href: '~1.5.3' }
62 verbose addNamed [ 'morgan', '~1.5.3' ]
63 verbose addNamed [ null, '>=1.5.3-0 <1.6.0-0' ]
64 silly lockFile 23e862d0-morgan-1-5-3 morgan@~1.5.3
65 verbose lock morgan@~1.5.3 /home/luciano/.npm/23e862d0-morgan-1-5-3.lock
66 verbose cache add name="serve-favicon" spec="~2.2.1" args=["serve-favicon","~2.2.1"]
67 verbose parsed url { protocol: null,
67 verbose parsed url   slashes: null,
67 verbose parsed url   auth: null,
67 verbose parsed url   host: null,
67 verbose parsed url   port: null,
67 verbose parsed url   hostname: null,
67 verbose parsed url   hash: null,
67 verbose parsed url   search: null,
67 verbose parsed url   query: null,
67 verbose parsed url   pathname: '~2.2.1',
67 verbose parsed url   path: '~2.2.1',
67 verbose parsed url   href: '~2.2.1' }
68 verbose addNamed [ 'serve-favicon', '~2.2.1' ]
69 verbose addNamed [ null, '>=2.2.1-0 <2.3.0-0' ]
70 silly lockFile b7ae84e2-serve-favicon-2-2-1 serve-favicon@~2.2.1
71 verbose lock serve-favicon@~2.2.1 /home/luciano/.npm/b7ae84e2-serve-favicon-2-2-1.lock
72 silly addNameRange { name: 'body-parser',
72 silly addNameRange   range: '>=1.12.4-0 <1.13.0-0',
72 silly addNameRange   hasData: false }
73 silly addNameRange { name: 'cookie-parser',
73 silly addNameRange   range: '>=1.3.5-0 <1.4.0-0',
73 silly addNameRange   hasData: false }
74 silly addNameRange { name: 'debug', range: '>=2.2.0-0 <2.3.0-0', hasData: false }
75 silly addNameRange { name: 'express',
75 silly addNameRange   range: '>=4.12.4-0 <4.13.0-0',
75 silly addNameRange   hasData: false }
76 silly addNameRange { name: 'jade', range: '>=1.9.2-0 <1.10.0-0', hasData: false }
77 silly addNameRange { name: 'morgan', range: '>=1.5.3-0 <1.6.0-0', hasData: false }
78 silly addNameRange { name: 'serve-favicon',
78 silly addNameRange   range: '>=2.2.1-0 <2.3.0-0',
78 silly addNameRange   hasData: false }
79 verbose request where is /debug
80 verbose request registry https://registry.npmjs.org/
81 verbose request id e25d02d5197a7c68
82 verbose url raw /debug
83 verbose url resolving [ 'https://registry.npmjs.org/', './debug' ]
84 verbose url resolved https://registry.npmjs.org/debug
85 verbose request where is https://registry.npmjs.org/debug
86 info trying registry request attempt 1 at 14:12:45
87 verbose etag "2T7I20OARVMTSKDMMBVQ9H064"
88 http GET https://registry.npmjs.org/debug
89 verbose request where is /express
90 verbose request registry https://registry.npmjs.org/
91 verbose url raw /express
92 verbose url resolving [ 'https://registry.npmjs.org/', './express' ]
93 verbose url resolved https://registry.npmjs.org/express
94 verbose request where is https://registry.npmjs.org/express
95 info trying registry request attempt 1 at 14:12:45
96 verbose etag "1SVRAS9LQJ98Y6HKDT8HCN4A1"
97 http GET https://registry.npmjs.org/express
98 verbose request where is /body-parser
99 verbose request registry https://registry.npmjs.org/
100 verbose url raw /body-parser
101 verbose url resolving [ 'https://registry.npmjs.org/', './body-parser' ]
102 verbose url resolved https://registry.npmjs.org/body-parser
103 verbose request where is https://registry.npmjs.org/body-parser
104 info trying registry request attempt 1 at 14:12:45
105 verbose etag "1X110NJOXQGQD6OXPAK6D2GCT"
106 http GET https://registry.npmjs.org/body-parser
107 verbose request where is /cookie-parser
108 verbose request registry https://registry.npmjs.org/
109 verbose url raw /cookie-parser
110 verbose url resolving [ 'https://registry.npmjs.org/', './cookie-parser' ]
111 verbose url resolved https://registry.npmjs.org/cookie-parser
112 verbose request where is https://registry.npmjs.org/cookie-parser
113 info trying registry request attempt 1 at 14:12:45
114 verbose etag "11EWD2DNJZX9T2AHPTW49SUOO"
115 http GET https://registry.npmjs.org/cookie-parser
116 verbose request where is /jade
117 verbose request registry https://registry.npmjs.org/
118 verbose url raw /jade
119 verbose url resolving [ 'https://registry.npmjs.org/', './jade' ]
120 verbose url resolved https://registry.npmjs.org/jade
121 verbose request where is https://registry.npmjs.org/jade
122 info trying registry request attempt 1 at 14:12:45
123 verbose etag "WKOW7OOAWPIBR54HXCYV074J"
124 http GET https://registry.npmjs.org/jade
125 verbose request where is /morgan
126 verbose request registry https://registry.npmjs.org/
127 verbose url raw /morgan
128 verbose url resolving [ 'https://registry.npmjs.org/', './morgan' ]
129 verbose url resolved https://registry.npmjs.org/morgan
130 verbose request where is https://registry.npmjs.org/morgan
131 info trying registry request attempt 1 at 14:12:45
132 verbose etag "314I98GFQMY82RG7FC7Q90O3X"
133 http GET https://registry.npmjs.org/morgan
134 verbose request where is /serve-favicon
135 verbose request registry https://registry.npmjs.org/
136 verbose url raw /serve-favicon
137 verbose url resolving [ 'https://registry.npmjs.org/', './serve-favicon' ]
138 verbose url resolved https://registry.npmjs.org/serve-favicon
139 verbose request where is https://registry.npmjs.org/serve-favicon
140 info trying registry request attempt 1 at 14:12:45
141 verbose etag "5Y4HGQMBADUMR86B2JU87PD4Y"
142 http GET https://registry.npmjs.org/serve-favicon
143 http 200 https://registry.npmjs.org/body-parser
144 silly registry.get cb [ 200,
144 silly registry.get   { server: 'CouchDB/1.5.0 (Erlang OTP/R16B03)',
144 silly registry.get     etag: '"2PN79QATHF7IXE64B0UKCZCJ1"',
144 silly registry.get     'content-type': 'application/json',
144 silly registry.get     'cache-control': 'max-age=60',
144 silly registry.get     'content-length': '99665',
144 silly registry.get     'accept-ranges': 'bytes',
144 silly registry.get     date: 'Mon, 15 Jun 2015 17:12:46 GMT',
144 silly registry.get     via: '1.1 varnish',
144 silly registry.get     age: '10',
144 silly registry.get     connection: 'keep-alive',
144 silly registry.get     'x-served-by': 'cache-atl6234-ATL',
144 silly registry.get     'x-cache': 'HIT',
144 silly registry.get     'x-cache-hits': '2',
144 silly registry.get     'x-timer': 'S1434388366.309511,VS0,VE0',
144 silly registry.get     vary: 'Accept' } ]
145 silly addNameRange number 2 { name: 'body-parser',
145 silly addNameRange   range: '>=1.12.4-0 <1.13.0-0',
145 silly addNameRange   hasData: true }
146 silly addNameRange versions [ 'body-parser',
146 silly addNameRange   [ '1.0.0',
146 silly addNameRange     '1.0.1',
146 silly addNameRange     '1.0.2',
146 silly addNameRange     '1.1.0',
146 silly addNameRange     '1.1.1',
146 silly addNameRange     '1.1.2',
146 silly addNameRange     '1.2.0',
146 silly addNameRange     '1.2.1',
146 silly addNameRange     '1.2.2',
146 silly addNameRange     '1.3.0',
146 silly addNameRange     '1.3.1',
146 silly addNameRange     '1.4.0',
146 silly addNameRange     '1.4.1',
146 silly addNameRange     '1.4.2',
146 silly addNameRange     '1.4.3',
146 silly addNameRange     '1.5.0',
146 silly addNameRange     '1.5.1',
146 silly addNameRange     '1.5.2',
146 silly addNameRange     '1.6.0',
146 silly addNameRange     '1.6.1',
146 silly addNameRange     '1.6.2',
146 silly addNameRange     '1.6.3',
146 silly addNameRange     '1.6.4',
146 silly addNameRange     '1.6.5',
146 silly addNameRange     '1.6.6',
146 silly addNameRange     '1.6.7',
146 silly addNameRange     '1.7.0',
146 silly addNameRange     '1.8.0',
146 silly addNameRange     '1.8.1',
146 silly addNameRange     '1.8.2',
146 silly addNameRange     '1.8.3',
146 silly addNameRange     '1.8.4',
146 silly addNameRange     '1.9.0',
146 silly addNameRange     '1.9.1',
146 silly addNameRange     '1.9.2',
146 silly addNameRange     '1.9.3',
146 silly addNameRange     '1.10.0',
146 silly addNameRange     '1.10.1',
146 silly addNameRange     '1.10.2',
146 silly addNameRange     '1.11.0',
146 silly addNameRange     '1.12.0',
146 silly addNameRange     '1.12.1',
146 silly addNameRange     '1.12.2',
146 silly addNameRange     '1.12.3',
146 silly addNameRange     '1.12.4',
146 silly addNameRange     '1.13.0' ] ]
147 verbose addNamed [ 'body-parser', '1.12.4' ]
148 verbose addNamed [ '1.12.4', '1.12.4' ]
149 silly lockFile b06c8939-body-parser-1-12-4 body-parser@1.12.4
150 verbose lock body-parser@1.12.4 /home/luciano/.npm/b06c8939-body-parser-1-12-4.lock
151 http 200 https://registry.npmjs.org/jade
152 silly registry.get cb [ 200,
152 silly registry.get   { server: 'CouchDB/1.5.0 (Erlang OTP/R16B03)',
152 silly registry.get     etag: '"A3FJTIIL2JYB11O4N2XB8HON2"',
152 silly registry.get     'content-type': 'application/json',
152 silly registry.get     'cache-control': 'max-age=60',
152 silly registry.get     'content-length': '147388',
152 silly registry.get     'accept-ranges': 'bytes',
152 silly registry.get     date: 'Mon, 15 Jun 2015 17:12:46 GMT',
152 silly registry.get     via: '1.1 varnish',
152 silly registry.get     age: '53',
152 silly registry.get     connection: 'keep-alive',
152 silly registry.get     'x-served-by': 'cache-atl6220-ATL',
152 silly registry.get     'x-cache': 'HIT',
152 silly registry.get     'x-cache-hits': '2',
152 silly registry.get     'x-timer': 'S1434388366.313184,VS0,VE0',
152 silly registry.get     vary: 'Accept' } ]
153 silly lockFile 36923138-dy-parser-body-parser-1-12-4-tgz https://registry.npmjs.org/body-parser/-/body-parser-1.12.4.tgz
154 verbose lock https://registry.npmjs.org/body-parser/-/body-parser-1.12.4.tgz /home/luciano/.npm/36923138-dy-parser-body-parser-1-12-4-tgz.lock
155 verbose addRemoteTarball [ 'https://registry.npmjs.org/body-parser/-/body-parser-1.12.4.tgz',
155 verbose addRemoteTarball   '090700c4ba28862a8520ef378395fdee5f61c229' ]
156 silly addNameRange number 2 { name: 'jade', range: '>=1.9.2-0 <1.10.0-0', hasData: true }
157 silly addNameRange versions [ 'jade',
157 silly addNameRange   [ '0.0.1',
157 silly addNameRange     '0.0.2',
157 silly addNameRange     '0.1.0',
157 silly addNameRange     '0.2.0',
157 silly addNameRange     '0.2.1',
157 silly addNameRange     '0.2.2',
157 silly addNameRange     '0.2.3',
157 silly addNameRange     '0.2.4',
157 silly addNameRange     '0.3.0',
157 silly addNameRange     '0.4.0',
157 silly addNameRange     '0.4.1',
157 silly addNameRange     '0.5.0',
157 silly addNameRange     '0.5.1',
157 silly addNameRange     '0.5.2',
157 silly addNameRange     '0.5.3',
157 silly addNameRange     '0.5.4',
157 silly addNameRange     '0.5.5',
157 silly addNameRange     '0.5.6',
157 silly addNameRange     '0.5.7',
157 silly addNameRange     '0.6.0',
157 silly addNameRange     '0.6.1',
157 silly addNameRange     '0.6.3',
157 silly addNameRange     '0.7.0',
157 silly addNameRange     '0.7.1',
157 silly addNameRange     '0.8.0',
157 silly addNameRange     '0.8.1',
157 silly addNameRange     '0.8.2',
157 silly addNameRange     '0.8.3',
157 silly addNameRange     '0.8.4',
157 silly addNameRange     '0.8.5',
157 silly addNameRange     '0.8.6',
157 silly addNameRange     '0.8.7',
157 silly addNameRange     '0.8.8',
157 silly addNameRange     '0.8.9',
157 silly addNameRange     '0.9.0',
157 silly addNameRange     '0.9.1',
157 silly addNameRange     '0.9.2',
157 silly addNameRange     '0.9.3',
157 silly addNameRange     '0.10.0',
157 silly addNameRange     '0.10.1',
157 silly addNameRange     '0.10.2',
157 silly addNameRange     '0.10.3',
157 silly addNameRange     '0.10.4',
157 silly addNameRange     '0.10.5',
157 silly addNameRange     '0.10.6',
157 silly addNameRange     '0.10.7',
157 silly addNameRange     '0.11.0',
157 silly addNameRange     '0.11.1',
157 silly addNameRange     '0.12.0',
157 silly addNameRange     '0.12.1',
157 silly addNameRange     '0.12.2',
157 silly addNameRange     '0.12.3',
157 silly addNameRange     '0.12.4',
157 silly addNameRange     '0.13.0',
157 silly addNameRange     '0.14.0',
157 silly addNameRange     '0.14.1',
157 silly addNameRange     '0.14.2',
157 silly addNameRange     '0.15.0',
157 silly addNameRange     '0.15.1',
157 silly addNameRange     '0.15.2',
157 silly addNameRange     '0.15.3',
157 silly addNameRange     '0.15.4',
157 silly addNameRange     '0.16.0',
157 silly addNameRange     '0.16.1',
157 silly addNameRange     '0.16.2',
157 silly addNameRange     '0.16.3',
157 silly addNameRange     '0.16.4',
157 silly addNameRange     '0.17.0',
157 silly addNameRange     '0.18.0',
157 silly addNameRange     '0.19.0',
157 silly addNameRange     '0.20.0',
157 silly addNameRange     '0.20.1',
157 silly addNameRange     '0.20.2',
157 silly addNameRange     '0.20.3',
157 silly addNameRange     '0.21.0',
157 silly addNameRange     '0.22.0',
157 silly addNameRange     '0.22.1',
157 silly addNameRange     '0.23.0',
157 silly addNameRange     '0.24.0',
157 silly addNameRange     '0.25.0',
157 silly addNameRange     '0.26.0',
157 silly addNameRange     '0.26.1',
157 silly addNameRange     '0.26.2',
157 silly addNameRange     '0.26.3',
157 silly addNameRange     '0.27.0',
157 silly addNameRange     '0.27.1',
157 silly addNameRange     '0.27.2',
157 silly addNameRange     '0.27.3',
157 silly addNameRange     '0.27.4',
157 silly addNameRange     '0.27.5',
157 silly addNameRange     '0.27.6',
157 silly addNameRange     '0.27.7',
157 silly addNameRange     '0.28.0',
157 silly addNameRange     '0.28.1',
157 silly addNameRange     '0.28.2',
157 silly addNameRange     '0.29.0',
157 silly addNameRange     '0.30.0',
157 silly addNameRange     '0.31.0',
157 silly addNameRange     '0.31.1',
157 silly addNameRange     '0.31.2',
157 silly addNameRange     '0.32.0',
157 silly addNameRange     '0.33.0',
157 silly addNameRange     '0.34.0',
157 silly addNameRange     '0.34.1',
157 silly addNameRange     '0.35.0',
157 silly addNameRange     '1.0.0',
157 silly addNameRange     '1.0.1',
157 silly addNameRange     '1.0.2',
157 silly addNameRange     '1.1.0',
157 silly addNameRange     '1.1.1',
157 silly addNameRange     '1.1.2',
157 silly addNameRange     '1.1.3',
157 silly addNameRange     '1.1.4',
157 silly addNameRange     '1.1.5',
157 silly addNameRange     '1.2.0',
157 silly addNameRange     '1.3.0',
157 silly addNameRange     '1.3.1',
157 silly addNameRange     '1.4.0',
157 silly addNameRange     '1.4.1',
157 silly addNameRange     '1.4.2',
157 silly addNameRange     '1.5.0',
157 silly addNameRange     '1.6.0',
157 silly addNameRange     '1.7.0',
157 silly addNameRange     '1.8.0',
157 silly addNameRange     '1.8.1',
157 silly addNameRange     '1.8.2',
157 silly addNameRange     '1.9.0',
157 silly addNameRange     '1.9.1',
157 silly addNameRange     '1.9.2',
157 silly addNameRange     '1.10.0',
157 silly addNameRange     '1.11.0' ] ]
158 verbose addNamed [ 'jade', '1.9.2' ]
159 verbose addNamed [ '1.9.2', '1.9.2' ]
160 silly lockFile 20e0e06b-jade-1-9-2 jade@1.9.2
161 verbose lock jade@1.9.2 /home/luciano/.npm/20e0e06b-jade-1-9-2.lock
162 info retry fetch attempt 1 at 14:12:46
163 verbose fetch to= /tmp/npm-8046-U3tlNRL4/registry.npmjs.org/body-parser/-/body-parser-1.12.4.tgz
164 http GET https://registry.npmjs.org/body-parser/-/body-parser-1.12.4.tgz
165 http 200 https://registry.npmjs.org/morgan
166 silly registry.get cb [ 200,
166 silly registry.get   { server: 'CouchDB/1.5.0 (Erlang OTP/R16B03)',
166 silly registry.get     etag: '"5539QCTNX9VALPSWRSFFT7NEH"',
166 silly registry.get     'content-type': 'application/json',
166 silly registry.get     'cache-control': 'max-age=60',
166 silly registry.get     'content-length': '39863',
166 silly registry.get     'accept-ranges': 'bytes',
166 silly registry.get     date: 'Mon, 15 Jun 2015 17:12:46 GMT',
166 silly registry.get     via: '1.1 varnish',
166 silly registry.get     age: '11',
166 silly registry.get     connection: 'keep-alive',
166 silly registry.get     'x-served-by': 'cache-atl6234-ATL',
166 silly registry.get     'x-cache': 'HIT',
166 silly registry.get     'x-cache-hits': '1',
166 silly registry.get     'x-timer': 'S1434388366.934154,VS0,VE1',
166 silly registry.get     vary: 'Accept' } ]
167 http 200 https://registry.npmjs.org/serve-favicon
168 silly registry.get cb [ 200,
168 silly registry.get   { server: 'CouchDB/1.5.0 (Erlang OTP/R16B03)',
168 silly registry.get     etag: '"CK3F2IOHFPJLV9K4U2JZ9OC2L"',
168 silly registry.get     'content-type': 'application/json',
168 silly registry.get     'cache-control': 'max-age=60',
168 silly registry.get     'content-length': '23759',
168 silly registry.get     'accept-ranges': 'bytes',
168 silly registry.get     date: 'Mon, 15 Jun 2015 17:12:46 GMT',
168 silly registry.get     via: '1.1 varnish',
168 silly registry.get     age: '48',
168 silly registry.get     connection: 'keep-alive',
168 silly registry.get     'x-served-by': 'cache-atl6220-ATL',
168 silly registry.get     'x-cache': 'HIT',
168 silly registry.get     'x-cache-hits': '2',
168 silly registry.get     'x-timer': 'S1434388366.995163,VS0,VE0',
168 silly registry.get     vary: 'Accept' } ]
169 silly lockFile 20e0e06b-jade-1-9-2 jade@1.9.2
170 silly lockFile 20e0e06b-jade-1-9-2 jade@1.9.2
171 silly lockFile ee522cbd-jade-1-9-2 jade@~1.9.2
172 silly lockFile ee522cbd-jade-1-9-2 jade@~1.9.2
173 silly addNameRange number 2 { name: 'morgan', range: '>=1.5.3-0 <1.6.0-0', hasData: true }
174 silly addNameRange versions [ 'morgan',
174 silly addNameRange   [ '1.0.0',
174 silly addNameRange     '1.0.1',
174 silly addNameRange     '1.1.0',
174 silly addNameRange     '1.1.1',
174 silly addNameRange     '1.2.0',
174 silly addNameRange     '1.2.1',
174 silly addNameRange     '1.2.2',
174 silly addNameRange     '1.2.3',
174 silly addNameRange     '1.3.0',
174 silly addNameRange     '1.3.1',
174 silly addNameRange     '1.3.2',
174 silly addNameRange     '1.4.0',
174 silly addNameRange     '1.4.1',
174 silly addNameRange     '1.5.0',
174 silly addNameRange     '1.5.1',
174 silly addNameRange     '1.5.2',
174 silly addNameRange     '1.5.3',
174 silly addNameRange     '1.6.0' ] ]
175 verbose addNamed [ 'morgan', '1.5.3' ]
176 verbose addNamed [ '1.5.3', '1.5.3' ]
177 silly lockFile 012ce855-morgan-1-5-3 morgan@1.5.3
178 verbose lock morgan@1.5.3 /home/luciano/.npm/012ce855-morgan-1-5-3.lock
179 silly addNameRange number 2 { name: 'serve-favicon',
179 silly addNameRange   range: '>=2.2.1-0 <2.3.0-0',
179 silly addNameRange   hasData: true }
180 silly addNameRange versions [ 'serve-favicon',
180 silly addNameRange   [ '2.0.0',
180 silly addNameRange     '2.0.1',
180 silly addNameRange     '2.1.0',
180 silly addNameRange     '2.1.1',
180 silly addNameRange     '2.1.2',
180 silly addNameRange     '2.1.3',
180 silly addNameRange     '2.1.4',
180 silly addNameRange     '2.1.5',
180 silly addNameRange     '2.1.6',
180 silly addNameRange     '2.1.7',
180 silly addNameRange     '2.2.0',
180 silly addNameRange     '2.2.1',
180 silly addNameRange     '2.3.0' ] ]
181 verbose addNamed [ 'serve-favicon', '2.2.1' ]
182 verbose addNamed [ '2.2.1', '2.2.1' ]
183 silly lockFile 6918e89a-serve-favicon-2-2-1 serve-favicon@2.2.1
184 verbose lock serve-favicon@2.2.1 /home/luciano/.npm/6918e89a-serve-favicon-2-2-1.lock
185 silly lockFile 012ce855-morgan-1-5-3 morgan@1.5.3
186 silly lockFile 012ce855-morgan-1-5-3 morgan@1.5.3
187 silly lockFile 6918e89a-serve-favicon-2-2-1 serve-favicon@2.2.1
188 silly lockFile 6918e89a-serve-favicon-2-2-1 serve-favicon@2.2.1
189 silly lockFile 23e862d0-morgan-1-5-3 morgan@~1.5.3
190 silly lockFile 23e862d0-morgan-1-5-3 morgan@~1.5.3
191 silly lockFile b7ae84e2-serve-favicon-2-2-1 serve-favicon@~2.2.1
192 silly lockFile b7ae84e2-serve-favicon-2-2-1 serve-favicon@~2.2.1
193 http 200 https://registry.npmjs.org/body-parser/-/body-parser-1.12.4.tgz
194 silly lockFile 36923138-dy-parser-body-parser-1-12-4-tgz https://registry.npmjs.org/body-parser/-/body-parser-1.12.4.tgz
195 silly lockFile 36923138-dy-parser-body-parser-1-12-4-tgz https://registry.npmjs.org/body-parser/-/body-parser-1.12.4.tgz
196 silly lockFile b06c8939-body-parser-1-12-4 body-parser@1.12.4
197 silly lockFile b06c8939-body-parser-1-12-4 body-parser@1.12.4
198 silly lockFile 6b6495e4-body-parser-1-12-4 body-parser@~1.12.4
199 silly lockFile 6b6495e4-body-parser-1-12-4 body-parser@~1.12.4
200 http 304 https://registry.npmjs.org/cookie-parser
201 silly registry.get cb [ 304,
201 silly registry.get   { date: 'Mon, 15 Jun 2015 17:12:51 GMT',
201 silly registry.get     via: '1.1 varnish',
201 silly registry.get     'cache-control': 'max-age=60',
201 silly registry.get     etag: '"11EWD2DNJZX9T2AHPTW49SUOO"',
201 silly registry.get     age: '39',
201 silly registry.get     connection: 'keep-alive',
201 silly registry.get     'x-served-by': 'cache-atl6224-ATL',
201 silly registry.get     'x-cache': 'HIT',
201 silly registry.get     'x-cache-hits': '1',
201 silly registry.get     'x-timer': 'S1434388371.189135,VS0,VE2',
201 silly registry.get     vary: 'Accept' } ]
202 verbose etag https://registry.npmjs.org/cookie-parser from cache
203 silly addNameRange number 2 { name: 'cookie-parser',
203 silly addNameRange   range: '>=1.3.5-0 <1.4.0-0',
203 silly addNameRange   hasData: true }
204 silly addNameRange versions [ 'cookie-parser',
204 silly addNameRange   [ '1.0.0',
204 silly addNameRange     '1.0.1',
204 silly addNameRange     '1.1.0',
204 silly addNameRange     '1.2.0',
204 silly addNameRange     '1.3.0',
204 silly addNameRange     '1.3.1',
204 silly addNameRange     '1.3.2',
204 silly addNameRange     '1.3.3',
204 silly addNameRange     '1.3.4',
204 silly addNameRange     '1.3.5' ] ]
205 verbose addNamed [ 'cookie-parser', '1.3.5' ]
206 verbose addNamed [ '1.3.5', '1.3.5' ]
207 silly lockFile b6f1abc3-cookie-parser-1-3-5 cookie-parser@1.3.5
208 verbose lock cookie-parser@1.3.5 /home/luciano/.npm/b6f1abc3-cookie-parser-1-3-5.lock
209 silly lockFile b6f1abc3-cookie-parser-1-3-5 cookie-parser@1.3.5
210 silly lockFile b6f1abc3-cookie-parser-1-3-5 cookie-parser@1.3.5
211 silly lockFile 34d2ac1d-cookie-parser-1-3-5 cookie-parser@~1.3.5
212 silly lockFile 34d2ac1d-cookie-parser-1-3-5 cookie-parser@~1.3.5
213 http 304 https://registry.npmjs.org/debug
214 silly registry.get cb [ 304,
214 silly registry.get   { date: 'Mon, 15 Jun 2015 17:12:56 GMT',
214 silly registry.get     via: '1.1 varnish',
214 silly registry.get     'cache-control': 'max-age=60',
214 silly registry.get     etag: '"2T7I20OARVMTSKDMMBVQ9H064"',
214 silly registry.get     age: '37',
214 silly registry.get     connection: 'keep-alive',
214 silly registry.get     'x-served-by': 'cache-jfk1025-JFK',
214 silly registry.get     'x-cache': 'HIT',
214 silly registry.get     'x-cache-hits': '2',
214 silly registry.get     'x-timer': 'S1434388376.166740,VS0,VE0',
214 silly registry.get     vary: 'Accept' } ]
215 verbose etag https://registry.npmjs.org/debug from cache
216 silly addNameRange number 2 { name: 'debug', range: '>=2.2.0-0 <2.3.0-0', hasData: true }
217 silly addNameRange versions [ 'debug',
217 silly addNameRange   [ '0.0.1',
217 silly addNameRange     '0.1.0',
217 silly addNameRange     '0.2.0',
217 silly addNameRange     '0.3.0',
217 silly addNameRange     '0.4.0',
217 silly addNameRange     '0.4.1',
217 silly addNameRange     '0.5.0',
217 silly addNameRange     '0.6.0',
217 silly addNameRange     '0.7.0',
217 silly addNameRange     '0.7.1',
217 silly addNameRange     '0.7.2',
217 silly addNameRange     '0.7.3',
217 silly addNameRange     '0.7.4',
217 silly addNameRange     '0.8.0',
217 silly addNameRange     '0.8.1',
217 silly addNameRange     '1.0.0',
217 silly addNameRange     '1.0.1',
217 silly addNameRange     '1.0.2',
217 silly addNameRange     '1.0.3',
217 silly addNameRange     '1.0.4',
217 silly addNameRange     '2.0.0',
217 silly addNameRange     '2.1.0',
217 silly addNameRange     '2.1.1',
217 silly addNameRange     '2.1.2',
217 silly addNameRange     '2.1.3',
217 silly addNameRange     '2.2.0' ] ]
218 verbose addNamed [ 'debug', '2.2.0' ]
219 verbose addNamed [ '2.2.0', '2.2.0' ]
220 silly lockFile 82f99b48-debug-2-2-0 debug@2.2.0
221 verbose lock debug@2.2.0 /home/luciano/.npm/82f99b48-debug-2-2-0.lock
222 silly lockFile 82f99b48-debug-2-2-0 debug@2.2.0
223 silly lockFile 82f99b48-debug-2-2-0 debug@2.2.0
224 silly lockFile 7986b842-debug-2-2-0 debug@~2.2.0
225 silly lockFile 7986b842-debug-2-2-0 debug@~2.2.0
226 info retry will retry, error on last attempt: Error: getaddrinfo ENOTFOUND
227 info trying registry request attempt 2 at 14:13:15
228 verbose etag "1SVRAS9LQJ98Y6HKDT8HCN4A1"
229 http GET https://registry.npmjs.org/express
230 http 304 https://registry.npmjs.org/express
231 silly registry.get cb [ 304,
231 silly registry.get   { date: 'Mon, 15 Jun 2015 17:13:16 GMT',
231 silly registry.get     via: '1.1 varnish',
231 silly registry.get     'cache-control': 'max-age=60',
231 silly registry.get     etag: '"1SVRAS9LQJ98Y6HKDT8HCN4A1"',
231 silly registry.get     age: '22',
231 silly registry.get     connection: 'keep-alive',
231 silly registry.get     'x-served-by': 'cache-jfk1034-JFK',
231 silly registry.get     'x-cache': 'HIT',
231 silly registry.get     'x-cache-hits': '1',
231 silly registry.get     'x-timer': 'S1434388396.218963,VS0,VE1',
231 silly registry.get     vary: 'Accept' } ]
232 verbose etag https://registry.npmjs.org/express from cache
233 silly addNameRange number 2 { name: 'express', range: '>=4.12.4-0 <4.13.0-0', hasData: true }
234 silly addNameRange versions [ 'express',
234 silly addNameRange   [ '0.14.0',
234 silly addNameRange     '0.14.1',
234 silly addNameRange     '1.0.0',
234 silly addNameRange     '1.0.1',
234 silly addNameRange     '1.0.2',
234 silly addNameRange     '1.0.3',
234 silly addNameRange     '1.0.4',
234 silly addNameRange     '1.0.5',
234 silly addNameRange     '1.0.6',
234 silly addNameRange     '1.0.7',
234 silly addNameRange     '1.0.8',
234 silly addNameRange     '2.0.0',
234 silly addNameRange     '2.1.0',
234 silly addNameRange     '2.1.1',
234 silly addNameRange     '2.2.0',
234 silly addNameRange     '2.2.1',
234 silly addNameRange     '2.2.2',
234 silly addNameRange     '2.3.0',
234 silly addNameRange     '2.3.1',
234 silly addNameRange     '2.3.2',
234 silly addNameRange     '2.3.3',
234 silly addNameRange     '2.3.4',
234 silly addNameRange     '2.3.5',
234 silly addNameRange     '2.3.6',
234 silly addNameRange     '2.3.7',
234 silly addNameRange     '2.3.8',
234 silly addNameRange     '2.3.9',
234 silly addNameRange     '2.3.10',
234 silly addNameRange     '2.3.11',
234 silly addNameRange     '2.3.12',
234 silly addNameRange     '2.4.0',
234 silly addNameRange     '2.4.1',
234 silly addNameRange     '2.4.2',
234 silly addNameRange     '2.4.3',
234 silly addNameRange     '2.4.4',
234 silly addNameRange     '2.4.5',
234 silly addNameRange     '2.4.6',
234 silly addNameRange     '2.4.7',
234 silly addNameRange     '2.5.0',
234 silly addNameRange     '2.5.1',
234 silly addNameRange     '2.5.2',
234 silly addNameRange     '2.5.3',
234 silly addNameRange     '2.5.4',
234 silly addNameRange     '2.5.5',
234 silly addNameRange     '2.5.6',
234 silly addNameRange     '2.5.7',
234 silly addNameRange     '2.5.8',
234 silly addNameRange     '2.5.9',
234 silly addNameRange     '2.5.10',
234 silly addNameRange     '2.5.11',
234 silly addNameRange     '3.0.0',
234 silly addNameRange     '3.0.1',
234 silly addNameRange     '3.0.2',
234 silly addNameRange     '3.0.3',
234 silly addNameRange     '3.0.4',
234 silly addNameRange     '3.0.5',
234 silly addNameRange     '3.0.6',
234 silly addNameRange     '3.1.0',
234 silly addNameRange     '3.1.1',
234 silly addNameRange     '3.1.2',
234 silly addNameRange     '3.2.0',
234 silly addNameRange     '3.2.1',
234 silly addNameRange     '3.2.2',
234 silly addNameRange     '3.2.3',
234 silly addNameRange     '3.2.4',
234 silly addNameRange     '3.2.5',
234 silly addNameRange     '3.2.6',
234 silly addNameRange     '3.3.0',
234 silly addNameRange     '3.3.1',
234 silly addNameRange     '3.3.2',
234 silly addNameRange     '3.3.3',
234 silly addNameRange     '3.3.4',
234 silly addNameRange     '3.3.5',
234 silly addNameRange     '3.3.6',
234 silly addNameRange     '1.0.0-beta',
234 silly addNameRange     '1.0.0-beta2',
234 silly addNameRange     '1.0.0-rc',
234 silly addNameRange     '1.0.0-rc2',
234 silly addNameRange     '1.0.0-rc3',
234 silly addNameRange     '1.0.0-rc4',
234 silly addNameRange     '2.0.0-beta',
234 silly addNameRange     '2.0.0-beta2',
234 silly addNameRange     '2.0.0-beta3',
234 silly addNameRange     '2.0.0-rc',
234 silly addNameRange     '2.0.0-rc2',
234 silly addNameRange     '2.0.0-rc3',
234 silly addNameRange     '3.0.0-alpha1',
234 silly addNameRange     '3.0.0-alpha2',
234 silly addNameRange     '3.0.0-alpha3',
234 silly addNameRange     '3.0.0-alpha4',
234 silly addNameRange     '3.0.0-alpha5',
234 silly addNameRange     '3.0.0-beta1',
234 silly addNameRange     '3.0.0-beta2',
234 silly addNameRange     '3.0.0-beta3',
234 silly addNameRange     '3.0.0-beta4',
234 silly addNameRange     '3.0.0-beta6',
234 silly addNameRange     '3.0.0-beta7',
234 silly addNameRange     '3.0.0-rc1',
234 silly addNameRange     '3.0.0-rc2',
234 silly addNameRange     '3.0.0-rc3',
234 silly addNameRange     '3.0.0-rc4',
234 silly addNameRange     '3.0.0-rc5',
234 silly addNameRange     '3.3.7',
234 silly addNameRange     '3.3.8',
234 silly addNameRange     '3.4.0',
234 silly addNameRange     '3.4.1',
234 silly addNameRange     '3.4.2',
234 silly addNameRange     '3.4.3',
234 silly addNameRange     '3.4.4',
234 silly addNameRange     '3.4.5',
234 silly addNameRange     '3.4.6',
234 silly addNameRange     '3.4.7',
234 silly addNameRange     '3.4.8',
234 silly addNameRange     '4.0.0-rc1',
234 silly addNameRange     '4.0.0-rc2',
234 silly addNameRange     '3.5.0',
234 silly addNameRange     '4.0.0-rc3',
234 silly addNameRange     '4.0.0-rc4',
234 silly addNameRange     '3.5.1',
234 silly addNameRange     '4.0.0',
234 silly addNameRange     '3.5.2',
234 silly addNameRange     '4.1.0',
234 silly addNameRange     '4.1.1',
234 silly addNameRange     '3.5.3',
234 silly addNameRange     '4.1.2',
234 silly addNameRange     '3.6.0',
234 silly addNameRange     '4.2.0',
234 silly addNameRange     '3.7.0',
234 silly addNameRange     '3.8.0',
234 silly addNameRange     '4.3.0',
234 silly addNameRange     '4.3.1',
234 silly addNameRange     '3.8.1',
234 silly addNameRange     '4.3.2',
234 silly addNameRange     '3.9.0',
234 silly addNameRange     '4.4.0',
234 silly addNameRange     '4.4.1',
234 silly addNameRange     '3.10.0',
234 silly addNameRange     '3.10.1',
234 silly addNameRange     '3.10.2',
234 silly addNameRange     '3.10.3',
234 silly addNameRange     '3.10.4',
234 silly addNameRange     '4.4.2',
234 silly addNameRange     '3.10.5',
234 silly addNameRange     '4.4.3',
234 silly addNameRange     '3.11.0',
234 silly addNameRange     '4.4.4',
234 silly addNameRange     '3.12.0',
234 silly addNameRange     '3.12.1',
234 silly addNameRange     '4.4.5',
234 silly addNameRange     '3.13.0',
234 silly addNameRange     '4.5.0',
234 silly addNameRange     '4.5.1',
234 silly addNameRange     '3.14.0',
234 silly addNameRange     '4.6.0',
234 silly addNameRange     '4.6.1',
234 silly addNameRange     '3.15.0',
234 silly addNameRange     '4.7.0',
234 silly addNameRange     '3.15.1',
234 silly addNameRange     '4.7.1',
234 silly addNameRange     '3.15.2',
234 silly addNameRange     '4.7.2',
234 silly addNameRange     '4.7.3',
234 silly addNameRange     '3.15.3',
234 silly addNameRange     '4.7.4',
234 silly addNameRange     '3.16.0',
234 silly addNameRange     '4.8.0',
234 silly addNameRange     '3.16.1',
234 silly addNameRange     '4.8.1',
234 silly addNameRange     '3.16.2',
234 silly addNameRange     '4.8.2',
234 silly addNameRange     '3.16.3',
234 silly addNameRange     '3.16.4',
234 silly addNameRange     '4.8.3',
234 silly addNameRange     '3.16.5',
234 silly addNameRange     '3.16.6',
234 silly addNameRange     '4.8.4',
234 silly addNameRange     '3.16.7',
234 silly addNameRange     '4.8.5',
234 silly addNameRange     '3.16.8',
234 silly addNameRange     '4.8.6',
234 silly addNameRange     '3.16.9',
234 silly addNameRange     '4.8.7',
234 silly addNameRange     '3.16.10',
234 silly addNameRange     '4.8.8',
234 silly addNameRange     '3.17.0',
234 silly addNameRange     '3.17.1',
234 silly addNameRange     '4.9.0',
234 silly addNameRange     '3.17.2',
234 silly addNameRange     '4.9.1',
234 silly addNameRange     '4.9.2',
234 silly addNameRange     '3.17.3',
234 silly addNameRange     '4.9.3',
234 silly addNameRange     '3.17.4',
234 silly addNameRange     '4.9.4',
234 silly addNameRange     '3.17.5',
234 silly addNameRange     '4.9.5',
234 silly addNameRange     '3.17.6',
234 silly addNameRange     '3.17.7',
234 silly addNameRange     '4.9.6',
234 silly addNameRange     '4.9.7',
234 silly addNameRange     '3.17.8',
234 silly addNameRange     '4.9.8',
234 silly addNameRange     '3.18.0',
234 silly addNameRange     '3.18.1',
234 silly addNameRange     '4.10.0',
234 silly addNameRange     '3.18.2',
234 silly addNameRange     '4.10.1',
234 silly addNameRange     '5.0.0-alpha.1',
234 silly addNameRange     '3.18.3',
234 silly addNameRange     '4.10.2',
234 silly addNameRange     '3.18.4',
234 silly addNameRange     '4.10.3',
234 silly addNameRange     '4.10.4',
234 silly addNameRange     '4.10.5',
234 silly addNameRange     '3.18.5',
234 silly addNameRange     '3.18.6',
234 silly addNameRange     '4.10.6',
234 silly addNameRange     '4.10.7',
234 silly addNameRange     '3.19.0',
234 silly addNameRange     '4.10.8',
234 silly addNameRange     '4.11.0',
234 silly addNameRange     '3.19.1',
234 silly addNameRange     '4.11.1',
234 silly addNameRange     '3.19.2',
234 silly addNameRange     '4.11.2',
234 silly addNameRange     '3.20.0',
234 silly addNameRange     '4.12.0',
234 silly addNameRange     '3.20.1',
234 silly addNameRange     '4.12.1',
234 silly addNameRange     '4.12.2',
234 silly addNameRange     '3.20.2',
234 silly addNameRange     '4.12.3',
234 silly addNameRange     '3.20.3',
234 silly addNameRange     '4.12.4' ] ]
235 verbose addNamed [ 'express', '4.12.4' ]
236 verbose addNamed [ '4.12.4', '4.12.4' ]
237 silly lockFile 3b813118-express-4-12-4 express@4.12.4
238 verbose lock express@4.12.4 /home/luciano/.npm/3b813118-express-4-12-4.lock
239 silly lockFile 3b813118-express-4-12-4 express@4.12.4
240 silly lockFile 3b813118-express-4-12-4 express@4.12.4
241 silly lockFile 8d972283-express-4-12-4 express@~4.12.4
242 silly lockFile 8d972283-express-4-12-4 express@~4.12.4
243 error Error: EACCES, mkdir '/home/luciano/.npm/body-parser/1.12.4'
243 error  { [Error: EACCES, mkdir '/home/luciano/.npm/body-parser/1.12.4']
243 error   errno: 3,
243 error   code: 'EACCES',
243 error   path: '/home/luciano/.npm/body-parser/1.12.4',
243 error   parent: 'trackingColor' }
244 error Please try running this command again as root/Administrator.
245 error System Linux 3.13.0-54-generic
246 error command "/usr/bin/node" "/usr/bin/npm" "install"
247 error cwd /home/luciano/FixedHome/gitProjects/trackingColor
248 error node -v v0.10.38
249 error npm -v 1.4.28
250 error path /home/luciano/.npm/body-parser/1.12.4
251 error code EACCES
252 error errno 3
253 error stack Error: EACCES, mkdir '/home/luciano/.npm/body-parser/1.12.4'
254 verbose exit [ 3, true ]
